{"uid":"3c91c24dae554e47","name":"Verify error displays for invalid login","fullName":"Login.LoginTests#test_Verify_error_should_display_for_invalid_login","historyId":"16877222521113cb4a61dba344a3dbaf","time":{"start":1766554775533,"stop":1766554792919,"duration":17386},"status":"failed","statusMessage":"AssertionError: Error message not shown for invalid login\nassert False\n +  where False = is_visible(('css selector', '.Toastify__toast--error'))\n +    where is_visible = <Page.LoginPage object at 0x0000029404DB96E0>.is_visible\n +      where <Page.LoginPage object at 0x0000029404DB96E0> = <Login.LoginTests testMethod=test_Verify_error_should_display_for_invalid_login>.login\n +    and   ('css selector', '.Toastify__toast--error') = LoginLocators.TOAST_ERROR","statusTrace":"self = <Login.LoginTests testMethod=test_Verify_error_should_display_for_invalid_login>\n\n    @allure.title(\"Verify error displays for invalid login\")\n    @allure.severity(allure.severity_level.CRITICAL)\n    def test_Verify_error_should_display_for_invalid_login(self):\n    \n        self.login.send_keys(LoginLocators.EMAIL_INPUT, \"sakshi.gangurde@wonderbiz.in\")\n        self.login.send_keys(LoginLocators.PASSWORD_INPUT, \"Sakshi@123\")\n        self.login.click(LoginLocators.LOGIN_BUTTON)\n    \n        time.sleep(2)\n    \n        try:\n>           assert self.login.is_visible(LoginLocators.TOAST_ERROR), \\\n                \"Error message not shown for invalid login\"\nE               AssertionError: Error message not shown for invalid login\nE               assert False\nE                +  where False = is_visible(('css selector', '.Toastify__toast--error'))\nE                +    where is_visible = <Page.LoginPage object at 0x0000029404DB96E0>.is_visible\nE                +      where <Page.LoginPage object at 0x0000029404DB96E0> = <Login.LoginTests testMethod=test_Verify_error_should_display_for_invalid_login>.login\nE                +    and   ('css selector', '.Toastify__toast--error') = LoginLocators.TOAST_ERROR\n\nLogin.py:53: AssertionError","flaky":false,"newFailed":false,"newBroken":false,"newPassed":false,"retriesCount":0,"retriesStatusChange":false,"beforeStages":[{"name":"_unittest_setUpClass_fixture_LoginTests","time":{"start":1766554741600,"stop":1766554741600,"duration":0},"status":"passed","steps":[],"attachments":[],"parameters":[],"shouldDisplayMessage":false,"attachmentsCount":0,"stepsCount":0,"attachmentStep":false,"hasContent":false}],"testStage":{"status":"failed","statusMessage":"AssertionError: Error message not shown for invalid login\nassert False\n +  where False = is_visible(('css selector', '.Toastify__toast--error'))\n +    where is_visible = <Page.LoginPage object at 0x0000029404DB96E0>.is_visible\n +      where <Page.LoginPage object at 0x0000029404DB96E0> = <Login.LoginTests testMethod=test_Verify_error_should_display_for_invalid_login>.login\n +    and   ('css selector', '.Toastify__toast--error') = LoginLocators.TOAST_ERROR","statusTrace":"self = <Login.LoginTests testMethod=test_Verify_error_should_display_for_invalid_login>\n\n    @allure.title(\"Verify error displays for invalid login\")\n    @allure.severity(allure.severity_level.CRITICAL)\n    def test_Verify_error_should_display_for_invalid_login(self):\n    \n        self.login.send_keys(LoginLocators.EMAIL_INPUT, \"sakshi.gangurde@wonderbiz.in\")\n        self.login.send_keys(LoginLocators.PASSWORD_INPUT, \"Sakshi@123\")\n        self.login.click(LoginLocators.LOGIN_BUTTON)\n    \n        time.sleep(2)\n    \n        try:\n>           assert self.login.is_visible(LoginLocators.TOAST_ERROR), \\\n                \"Error message not shown for invalid login\"\nE               AssertionError: Error message not shown for invalid login\nE               assert False\nE                +  where False = is_visible(('css selector', '.Toastify__toast--error'))\nE                +    where is_visible = <Page.LoginPage object at 0x0000029404DB96E0>.is_visible\nE                +      where <Page.LoginPage object at 0x0000029404DB96E0> = <Login.LoginTests testMethod=test_Verify_error_should_display_for_invalid_login>.login\nE                +    and   ('css selector', '.Toastify__toast--error') = LoginLocators.TOAST_ERROR\n\nLogin.py:53: AssertionError","steps":[],"attachments":[{"uid":"4f464551927f049b","name":"test_Verify_error_should_display_for_invalid_login_failure_20251224_110950.png","source":"4f464551927f049b.png","type":"image/png","size":92635},{"uid":"4f86efb23aeed200","name":"stdout","source":"4f86efb23aeed200.txt","type":"text/plain","size":171}],"parameters":[],"shouldDisplayMessage":true,"attachmentsCount":2,"stepsCount":0,"attachmentStep":false,"hasContent":true},"afterStages":[{"name":"_unittest_setUpClass_fixture_LoginTests::0","time":{"start":1766554834919,"stop":1766554834920,"duration":1},"status":"passed","steps":[],"attachments":[],"parameters":[],"shouldDisplayMessage":false,"attachmentsCount":0,"stepsCount":0,"attachmentStep":false,"hasContent":false}],"labels":[{"name":"severity","value":"critical"},{"name":"suite","value":"Login"},{"name":"subSuite","value":"LoginTests"},{"name":"host","value":"DESKTOP-GAPR67V"},{"name":"thread","value":"45020-MainThread"},{"name":"framework","value":"pytest"},{"name":"language","value":"cpython3"},{"name":"package","value":"Login"},{"name":"resultFormat","value":"allure2"}],"parameters":[],"links":[],"hidden":false,"retry":false,"extra":{"severity":"critical","retries":[],"categories":[{"name":"Product defects","matchedStatuses":[]}],"tags":[]},"source":"3c91c24dae554e47.json","parameterValues":[]}