{"name": "Verify user can login with valid credentials", "status": "broken", "statusDetails": {"message": "selenium.common.exceptions.TimeoutException: Message:", "trace": "self = <Login.LoginTests testMethod=test_Verify_user_should_be_able_to_login_with_valid_credentials>\n\n    @allure.title(\"Verify user can login with valid credentials\")\n    @allure.severity(allure.severity_level.CRITICAL)\n    def test_Verify_user_should_be_able_to_login_with_valid_credentials(self):\n    \n        self.login.send_keys(LoginLocators.EMAIL_INPUT, os.environ.get(\"USER_EMAIL\"))\n        self.login.send_keys(LoginLocators.PASSWORD_INPUT, os.environ.get(\"PASSWORD\"))\n        self.login.click(LoginLocators.LOGIN_BUTTON)\n    \n>       WebDriverWait(self.driver, 10).until(EC.url_contains(\"/dashboard\"))\n\nLogin.py:29: \n_ _ _ _ _ _ _ _ _ _ _ _ _ _ _ _ _ _ _ _ _ _ _ _ _ _ _ _ _ _ _ _ _ _ _ _ _ _ _ _ _ _ _ _ _ _ _ _ _ _ _ _ _ _ _ _ _ _ _ _ _ _ _ _ _ _ _ _ _ _ _ _ _ _ _ _ _ _ _ _ _\n\nself = <selenium.webdriver.support.wait.WebDriverWait (session=\"056018312f62ec0060ede9417ae5a5eb\")>\nmethod = <function url_contains.<locals>._predicate at 0x000001FA40BA49A0>, message = ''\n\n    def until(self, method: Callable[[D], Union[Literal[False], T]], message: str = \"\") -> T:\n        \"\"\"Wait until the method returns a value that is not False.\n    \n        Calls the method provided with the driver as an argument until the\n        return value does not evaluate to ``False``.\n    \n        Parameters:\n        -----------\n        method: callable(WebDriver)\n            - A callable object that takes a WebDriver instance as an argument.\n    \n        message: str\n            - Optional message for :exc:`TimeoutException`\n    \n        Return:\n        -------\n        object: T\n            - The result of the last call to `method`\n    \n        Raises:\n        -------\n        TimeoutException\n            - If 'method' does not return a truthy value within the WebDriverWait\n            object's timeout\n    \n        Example:\n        --------\n        >>> from selenium.webdriver.common.by import By\n        >>> from selenium.webdriver.support.ui import WebDriverWait\n        >>> from selenium.webdriver.support import expected_conditions as EC\n    \n        # Wait until an element is visible on the page\n        >>> wait = WebDriverWait(driver, 10)\n        >>> element = wait.until(EC.visibility_of_element_located((By.ID, \"exampleId\")))\n        >>> print(element.text)\n        \"\"\"\n        screen = None\n        stacktrace = None\n    \n        end_time = time.monotonic() + self._timeout\n        while True:\n            try:\n                value = method(self._driver)\n                if value:\n                    return value\n            except self._ignored_exceptions as exc:\n                screen = getattr(exc, \"screen\", None)\n                stacktrace = getattr(exc, \"stacktrace\", None)\n            if time.monotonic() > end_time:\n                break\n            time.sleep(self._poll)\n>       raise TimeoutException(message, screen, stacktrace)\nE       selenium.common.exceptions.TimeoutException: Message:\n\n..\\..\\..\\AppData\\Local\\Programs\\Python\\Python313\\Lib\\site-packages\\selenium\\webdriver\\support\\wait.py:138: TimeoutException"}, "start": 1766747038022, "stop": 1766747053044, "uuid": "84e6a94a-cdd8-4869-bd52-3f2e31d15f68", "historyId": "3751adfbf6a646ff55039dd118bb17bf", "testCaseId": "3751adfbf6a646ff55039dd118bb17bf", "fullName": "Login.LoginTests#test_Verify_user_should_be_able_to_login_with_valid_credentials", "labels": [{"name": "severity", "value": "critical"}, {"name": "suite", "value": "Login"}, {"name": "subSuite", "value": "LoginTests"}, {"name": "host", "value": "DESKTOP-GAPR67V"}, {"name": "thread", "value": "60420-MainThread"}, {"name": "framework", "value": "pytest"}, {"name": "language", "value": "cpython3"}, {"name": "package", "value": "Login"}], "titlePath": ["Login.py", "LoginTests"]}