{"name": "test_asset_without_device_shows_not_assigned", "status": "broken", "statusDetails": {"message": "selenium.common.exceptions.TimeoutException: Message: \nStacktrace:\nSymbols not available. Dumping unresolved backtrace:\n\t0x7ff65c3788e5\n\t0x7ff65c378940\n\t0x7ff65c15165d\n\t0x7ff65c1a9a33\n\t0x7ff65c1a9d3c\n\t0x7ff65c1fdf67\n\t0x7ff65c1fac97\n\t0x7ff65c19ac29\n\t0x7ff65c19ba93\n\t0x7ff65c690640\n\t0x7ff65c68af80\n\t0x7ff65c6a96e6\n\t0x7ff65c395de4\n\t0x7ff65c39ed8c\n\t0x7ff65c382004\n\t0x7ff65c3821b5\n\t0x7ff65c367ee2\n\t0x7ff9e23be8d7\n\t0x7ff9e372c53c", "trace": "self = <Signals.SignalTests testMethod=test_asset_without_device_shows_not_assigned>\n\n    def setUp(self):\n        self.driver = super().start_driver()\n    \n        # -------- Login --------\n        login = LoginPage(self.driver)\n        login.enter_email(os.environ.get(\"USER_EMAIL\"))\n        login.enter_password(os.environ.get(\"PASSWORD\"))\n        login.click_login()\n        assert login.is_dashboard_displayed()\n    \n        # -------- Open Signal Page --------\n        self.signal = SignalPage(self.driver)\n>       self.signal.open_signal_page()   # assume this navigation method exists\n        ^^^^^^^^^^^^^^^^^^^^^^^^^^^^^^\n\nSignals.py:28: \n_ _ _ _ _ _ _ _ _ _ _ _ _ _ _ _ _ _ _ _ _ _ _ _ _ _ _ _ _ _ _ _ _ _ _ _ _ _ _ _ _ _ _ _ _ _ _ _ _ _ _ _ _ _ _ _ _ _ _ _\nPage.py:514: in open_signal_page\n    self.wait.until(\n_ _ _ _ _ _ _ _ _ _ _ _ _ _ _ _ _ _ _ _ _ _ _ _ _ _ _ _ _ _ _ _ _ _ _ _ _ _ _ _ _ _ _ _ _ _ _ _ _ _ _ _ _ _ _ _ _ _ _ _\n\nself = <selenium.webdriver.support.wait.WebDriverWait (session=\"a87fe5f8d76567648f9dfc937960fa73\")>\nmethod = <function visibility_of_element_located.<locals>._predicate at 0x000002139C56EF20>, message = ''\n\n    def until(self, method: Callable[[D], Union[Literal[False], T]], message: str = \"\") -> T:\n        \"\"\"Wait until the method returns a value that is not False.\n    \n        Calls the method provided with the driver as an argument until the\n        return value does not evaluate to ``False``.\n    \n        Parameters:\n        -----------\n        method: callable(WebDriver)\n            - A callable object that takes a WebDriver instance as an argument.\n    \n        message: str\n            - Optional message for :exc:`TimeoutException`\n    \n        Return:\n        -------\n        object: T\n            - The result of the last call to `method`\n    \n        Raises:\n        -------\n        TimeoutException\n            - If 'method' does not return a truthy value within the WebDriverWait\n            object's timeout\n    \n        Example:\n        --------\n        >>> from selenium.webdriver.common.by import By\n        >>> from selenium.webdriver.support.ui import WebDriverWait\n        >>> from selenium.webdriver.support import expected_conditions as EC\n    \n        # Wait until an element is visible on the page\n        >>> wait = WebDriverWait(driver, 10)\n        >>> element = wait.until(EC.visibility_of_element_located((By.ID, \"exampleId\")))\n        >>> print(element.text)\n        \"\"\"\n        screen = None\n        stacktrace = None\n    \n        end_time = time.monotonic() + self._timeout\n        while True:\n            try:\n                value = method(self._driver)\n                if value:\n                    return value\n            except self._ignored_exceptions as exc:\n                screen = getattr(exc, \"screen\", None)\n                stacktrace = getattr(exc, \"stacktrace\", None)\n            if time.monotonic() > end_time:\n                break\n            time.sleep(self._poll)\n>       raise TimeoutException(message, screen, stacktrace)\nE       selenium.common.exceptions.TimeoutException: Message: \nE       Stacktrace:\nE       Symbols not available. Dumping unresolved backtrace:\nE       \t0x7ff65c3788e5\nE       \t0x7ff65c378940\nE       \t0x7ff65c15165d\nE       \t0x7ff65c1a9a33\nE       \t0x7ff65c1a9d3c\nE       \t0x7ff65c1fdf67\nE       \t0x7ff65c1fac97\nE       \t0x7ff65c19ac29\nE       \t0x7ff65c19ba93\nE       \t0x7ff65c690640\nE       \t0x7ff65c68af80\nE       \t0x7ff65c6a96e6\nE       \t0x7ff65c395de4\nE       \t0x7ff65c39ed8c\nE       \t0x7ff65c382004\nE       \t0x7ff65c3821b5\nE       \t0x7ff65c367ee2\nE       \t0x7ff9e23be8d7\nE       \t0x7ff9e372c53c\n\n..\\..\\..\\AppData\\Local\\Programs\\Python\\Python313\\Lib\\site-packages\\selenium\\webdriver\\support\\wait.py:138: TimeoutException"}, "description": "Verify asset without device shows 'Not Assigned'", "start": 1766378158984, "stop": 1766378175185, "uuid": "3ee71ed6-2a1e-4083-8389-92691f6140be", "historyId": "15e70cc2b9d80e164018aabc19270f37", "testCaseId": "15e70cc2b9d80e164018aabc19270f37", "fullName": "RunTest.SignalTests#test_asset_without_device_shows_not_assigned", "labels": [{"name": "suite", "value": "RunTest"}, {"name": "subSuite", "value": "SignalTests"}, {"name": "host", "value": "DESKTOP-GAPR67V"}, {"name": "thread", "value": "52852-MainThread"}, {"name": "framework", "value": "pytest"}, {"name": "language", "value": "cpython3"}, {"name": "package", "value": "RunTest"}], "titlePath": ["RunTest.py", "SignalTests"]}