{"name": "Verify back button does not logout user after login", "status": "broken", "statusDetails": {"message": "selenium.common.exceptions.TimeoutException: Message: \nStacktrace:\nSymbols not available. Dumping unresolved backtrace:\n\t0x7ff7cb3a88e5\n\t0x7ff7cb3a8940\n\t0x7ff7cb18165d\n\t0x7ff7cb1d9a33\n\t0x7ff7cb1d9d3c\n\t0x7ff7cb22df67\n\t0x7ff7cb22ac97\n\t0x7ff7cb1cac29\n\t0x7ff7cb1cba93\n\t0x7ff7cb6c0640\n\t0x7ff7cb6baf80\n\t0x7ff7cb6d96e6\n\t0x7ff7cb3c5de4\n\t0x7ff7cb3ced8c\n\t0x7ff7cb3b2004\n\t0x7ff7cb3b21b5\n\t0x7ff7cb397ee2\n\t0x7ff9e23be8d7\n\t0x7ff9e372c53c", "trace": "self = <Login.LoginTests testMethod=test_Verify_back_button_should_not_logout_user_after_login>\n\n    @allure.title(\"Verify back button does not logout user after login\")\n    @allure.severity(allure.severity_level.NORMAL)\n    def test_Verify_back_button_should_not_logout_user_after_login(self):\n    \n        self.login.send_keys(LoginLocators.EMAIL_INPUT, os.environ.get(\"USER_EMAIL\"))\n        self.login.send_keys(LoginLocators.PASSWORD_INPUT, os.environ.get(\"PASSWORD\"))\n        self.login.click(LoginLocators.LOGIN_BUTTON)\n    \n        time.sleep(5)\n    \n>       self.login.click(LoginLocators.PROFILE_ICON)\n\nLogin.py:156: \n_ _ _ _ _ _ _ _ _ _ _ _ _ _ _ _ _ _ _ _ _ _ _ _ _ _ _ _ _ _ _ _ _ _ _ _ _ _ _ _ _ _ _ _ _ _ _ _ _ _ _ _ _ _ _ _ _ _ _ _ _ _ _ _ _ _ _ _ _ _ _ _ _ _ _ _ _ _ _ _ _\nPage.py:18: in click\n    self.wait.until(EC.element_to_be_clickable(locator)).click()\n    ^^^^^^^^^^^^^^^^^^^^^^^^^^^^^^^^^^^^^^^^^^^^^^^^^^^^\n_ _ _ _ _ _ _ _ _ _ _ _ _ _ _ _ _ _ _ _ _ _ _ _ _ _ _ _ _ _ _ _ _ _ _ _ _ _ _ _ _ _ _ _ _ _ _ _ _ _ _ _ _ _ _ _ _ _ _ _ _ _ _ _ _ _ _ _ _ _ _ _ _ _ _ _ _ _ _ _ _\n\nself = <selenium.webdriver.support.wait.WebDriverWait (session=\"1fa89d0f80ce4fc18699139973c22538\")>\nmethod = <function element_to_be_clickable.<locals>._predicate at 0x000001FA40817E20>, message = ''\n\n    def until(self, method: Callable[[D], Union[Literal[False], T]], message: str = \"\") -> T:\n        \"\"\"Wait until the method returns a value that is not False.\n    \n        Calls the method provided with the driver as an argument until the\n        return value does not evaluate to ``False``.\n    \n        Parameters:\n        -----------\n        method: callable(WebDriver)\n            - A callable object that takes a WebDriver instance as an argument.\n    \n        message: str\n            - Optional message for :exc:`TimeoutException`\n    \n        Return:\n        -------\n        object: T\n            - The result of the last call to `method`\n    \n        Raises:\n        -------\n        TimeoutException\n            - If 'method' does not return a truthy value within the WebDriverWait\n            object's timeout\n    \n        Example:\n        --------\n        >>> from selenium.webdriver.common.by import By\n        >>> from selenium.webdriver.support.ui import WebDriverWait\n        >>> from selenium.webdriver.support import expected_conditions as EC\n    \n        # Wait until an element is visible on the page\n        >>> wait = WebDriverWait(driver, 10)\n        >>> element = wait.until(EC.visibility_of_element_located((By.ID, \"exampleId\")))\n        >>> print(element.text)\n        \"\"\"\n        screen = None\n        stacktrace = None\n    \n        end_time = time.monotonic() + self._timeout\n        while True:\n            try:\n                value = method(self._driver)\n                if value:\n                    return value\n            except self._ignored_exceptions as exc:\n                screen = getattr(exc, \"screen\", None)\n                stacktrace = getattr(exc, \"stacktrace\", None)\n            if time.monotonic() > end_time:\n                break\n            time.sleep(self._poll)\n>       raise TimeoutException(message, screen, stacktrace)\nE       selenium.common.exceptions.TimeoutException: Message: \nE       Stacktrace:\nE       Symbols not available. Dumping unresolved backtrace:\nE       \t0x7ff7cb3a88e5\nE       \t0x7ff7cb3a8940\nE       \t0x7ff7cb18165d\nE       \t0x7ff7cb1d9a33\nE       \t0x7ff7cb1d9d3c\nE       \t0x7ff7cb22df67\nE       \t0x7ff7cb22ac97\nE       \t0x7ff7cb1cac29\nE       \t0x7ff7cb1cba93\nE       \t0x7ff7cb6c0640\nE       \t0x7ff7cb6baf80\nE       \t0x7ff7cb6d96e6\nE       \t0x7ff7cb3c5de4\nE       \t0x7ff7cb3ced8c\nE       \t0x7ff7cb3b2004\nE       \t0x7ff7cb3b21b5\nE       \t0x7ff7cb397ee2\nE       \t0x7ff9e23be8d7\nE       \t0x7ff9e372c53c\n\n..\\..\\..\\AppData\\Local\\Programs\\Python\\Python313\\Lib\\site-packages\\selenium\\webdriver\\support\\wait.py:138: TimeoutException"}, "start": 1766746983707, "stop": 1766747003884, "uuid": "a12c6f4e-3ed7-46da-b9c6-dcd5bf3dc4f8", "historyId": "7453d8491b40088513d174561812d4b3", "testCaseId": "7453d8491b40088513d174561812d4b3", "fullName": "Login.LoginTests#test_Verify_back_button_should_not_logout_user_after_login", "labels": [{"name": "severity", "value": "normal"}, {"name": "suite", "value": "Login"}, {"name": "subSuite", "value": "LoginTests"}, {"name": "host", "value": "DESKTOP-GAPR67V"}, {"name": "thread", "value": "60420-MainThread"}, {"name": "framework", "value": "pytest"}, {"name": "language", "value": "cpython3"}, {"name": "package", "value": "Login"}], "titlePath": ["Login.py", "LoginTests"]}