{"name": "Verify error for short password", "status": "failed", "statusDetails": {"message": "AssertionError: Short password validation failed\nassert False\n +  where False = is_visible(('css selector', '.Toastify__toast--error'))\n +    where is_visible = <Page.LoginPage object at 0x00000192426B49D0>.is_visible\n +      where <Page.LoginPage object at 0x00000192426B49D0> = <Login.LoginTests testMethod=test_Verify_error_for_short_password>.login\n +    and   ('css selector', '.Toastify__toast--error') = LoginLocators.TOAST_ERROR", "trace": "self = <Login.LoginTests testMethod=test_Verify_error_for_short_password>\n\n    @allure.title(\"Verify error for short password\")\n    @allure.severity(allure.severity_level.NORMAL)\n    def test_Verify_error_for_short_password(self):\n    \n        self.login.send_keys(LoginLocators.EMAIL_INPUT, \"test@test.com\")\n        self.login.send_keys(LoginLocators.PASSWORD_INPUT, \"123\")\n        self.login.click(LoginLocators.LOGIN_BUTTON)\n    \n        time.sleep(2)\n    \n        try:\n>           assert self.login.is_visible(LoginLocators.TOAST_ERROR), \\\n                \"Short password validation failed\"\nE               AssertionError: Short password validation failed\nE               assert False\nE                +  where False = is_visible(('css selector', '.Toastify__toast--error'))\nE                +    where is_visible = <Page.LoginPage object at 0x00000192426B49D0>.is_visible\nE                +      where <Page.LoginPage object at 0x00000192426B49D0> = <Login.LoginTests testMethod=test_Verify_error_for_short_password>.login\nE                +    and   ('css selector', '.Toastify__toast--error') = LoginLocators.TOAST_ERROR\n\nLogin.py:116: AssertionError"}, "attachments": [{"name": "test_Verify_error_for_short_password_failure_20251226_162917.png", "source": "d1ec63d0-32b5-4f2d-8a0c-52a4c679e76f-attachment.png", "type": "image/png"}, {"name": "stdout", "source": "d3b5fdd5-06de-4351-bff4-7c435406d995-attachment.txt", "type": "text/plain"}], "start": 1766746743044, "stop": 1766746760256, "uuid": "201e6ec6-d8be-4009-9896-c72c748aa5e3", "historyId": "19cf44797031274a34eeed3c39ca4e0a", "testCaseId": "19cf44797031274a34eeed3c39ca4e0a", "fullName": "Login.LoginTests#test_Verify_error_for_short_password", "labels": [{"name": "severity", "value": "normal"}, {"name": "suite", "value": "Login"}, {"name": "subSuite", "value": "LoginTests"}, {"name": "host", "value": "DESKTOP-GAPR67V"}, {"name": "thread", "value": "30468-MainThread"}, {"name": "framework", "value": "pytest"}, {"name": "language", "value": "cpython3"}, {"name": "package", "value": "Login"}], "titlePath": ["Login.py", "LoginTests"]}