{"name": "test_open_signal_page", "status": "broken", "statusDetails": {"message": "selenium.common.exceptions.TimeoutException: Message:", "trace": "self = <Signals.SignalTests testMethod=test_open_signal_page>\n\n    def setUp(self):\n        self.driver = super().start_driver()\n    \n        # -------- Login --------\n        login = LoginPage(self.driver)\n        login.enter_email(os.environ.get(\"USER_EMAIL\"))\n        login.enter_password(os.environ.get(\"PASSWORD\"))\n        login.click_login()\n>       assert login.is_dashboard_displayed()\n               ^^^^^^^^^^^^^^^^^^^^^^^^^^^^^^\n\nSignals.py:24: \n_ _ _ _ _ _ _ _ _ _ _ _ _ _ _ _ _ _ _ _ _ _ _ _ _ _ _ _ _ _ _ _ _ _ _ _ _ _ _ _ _ _ _ _ _ _ _ _ _ _ _ _ _ _ _ _ _ _ _ _\nPage.py:115: in is_dashboard_displayed\n    self.wait.until(EC.url_contains(\"/dashboard\"))\n_ _ _ _ _ _ _ _ _ _ _ _ _ _ _ _ _ _ _ _ _ _ _ _ _ _ _ _ _ _ _ _ _ _ _ _ _ _ _ _ _ _ _ _ _ _ _ _ _ _ _ _ _ _ _ _ _ _ _ _\n\nself = <selenium.webdriver.support.wait.WebDriverWait (session=\"429e988f7370d130327219eaee3543f5\")>\nmethod = <function url_contains.<locals>._predicate at 0x000001CADFFB6A20>, message = ''\n\n    def until(self, method: Callable[[D], Union[Literal[False], T]], message: str = \"\") -> T:\n        \"\"\"Wait until the method returns a value that is not False.\n    \n        Calls the method provided with the driver as an argument until the\n        return value does not evaluate to ``False``.\n    \n        Parameters:\n        -----------\n        method: callable(WebDriver)\n            - A callable object that takes a WebDriver instance as an argument.\n    \n        message: str\n            - Optional message for :exc:`TimeoutException`\n    \n        Return:\n        -------\n        object: T\n            - The result of the last call to `method`\n    \n        Raises:\n        -------\n        TimeoutException\n            - If 'method' does not return a truthy value within the WebDriverWait\n            object's timeout\n    \n        Example:\n        --------\n        >>> from selenium.webdriver.common.by import By\n        >>> from selenium.webdriver.support.ui import WebDriverWait\n        >>> from selenium.webdriver.support import expected_conditions as EC\n    \n        # Wait until an element is visible on the page\n        >>> wait = WebDriverWait(driver, 10)\n        >>> element = wait.until(EC.visibility_of_element_located((By.ID, \"exampleId\")))\n        >>> print(element.text)\n        \"\"\"\n        screen = None\n        stacktrace = None\n    \n        end_time = time.monotonic() + self._timeout\n        while True:\n            try:\n                value = method(self._driver)\n                if value:\n                    return value\n            except self._ignored_exceptions as exc:\n                screen = getattr(exc, \"screen\", None)\n                stacktrace = getattr(exc, \"stacktrace\", None)\n            if time.monotonic() > end_time:\n                break\n            time.sleep(self._poll)\n>       raise TimeoutException(message, screen, stacktrace)\nE       selenium.common.exceptions.TimeoutException: Message:\n\n..\\..\\..\\AppData\\Local\\Programs\\Python\\Python313\\Lib\\site-packages\\selenium\\webdriver\\support\\wait.py:138: TimeoutException"}, "description": "Verify Signal page loads properly", "start": 1765886687300, "stop": 1765886707814, "uuid": "b6de57aa-7500-4e98-a025-b6825294730b", "historyId": "eb80485f3ac892b24e044c64bf9b1bba", "testCaseId": "eb80485f3ac892b24e044c64bf9b1bba", "fullName": "RunTest.SignalTests#test_open_signal_page", "labels": [{"name": "suite", "value": "RunTest"}, {"name": "subSuite", "value": "SignalTests"}, {"name": "host", "value": "DESKTOP-GAPR67V"}, {"name": "thread", "value": "6636-MainThread"}, {"name": "framework", "value": "pytest"}, {"name": "language", "value": "cpython3"}, {"name": "package", "value": "RunTest"}], "titlePath": ["RunTest.py", "SignalTests"]}