{"uid":"4b4757e66a1912dae1a509f688f20b0f","name":"categories","children":[{"name":"Product defects","children":[{"name":"AssertionError: Error message not shown for invalid login\nassert False\n +  where False = is_visible(('css selector', '.Toastify__toast--error'))\n +    where is_visible = <Page.LoginPage object at 0x0000029404DB96E0>.is_visible\n +      where <Page.LoginPage object at 0x0000029404DB96E0> = <Login.LoginTests testMethod=test_Verify_error_should_display_for_invalid_login>.login\n +    and   ('css selector', '.Toastify__toast--error') = LoginLocators.TOAST_ERROR","children":[{"name":"Verify error displays for invalid login","uid":"3c91c24dae554e47","parentUid":"375459eaff48cdac4532ceac93e85ca1","status":"failed","time":{"start":1766554775533,"stop":1766554792919,"duration":17386},"flaky":false,"newFailed":false,"newPassed":false,"newBroken":false,"retriesCount":0,"retriesStatusChange":false,"parameters":[],"tags":[]}],"uid":"375459eaff48cdac4532ceac93e85ca1"}],"uid":"8fb3a91ba5aaf9de24cc8a92edc82b5d"},{"name":"Test defects","children":[{"name":"selenium.common.exceptions.NoSuchElementException: Message: no such element: Unable to locate element: {\"method\":\"xpath\",\"selector\":\"//h1[normalize-space()='Slave Manager']\"}\n  (Session info: chrome=143.0.7499.41); For documentation on this error, please visit: https://www.selenium.dev/documentation/webdriver/troubleshooting/errors#nosuchelementexception\nStacktrace:\nSymbols not available. Dumping unresolved backtrace:\n\t0x7ff6631888e5\n\t0x7ff663188940\n\t0x7ff662f6165d\n\t0x7ff662fb9a33\n\t0x7ff662fb9d3c\n\t0x7ff66300df67\n\t0x7ff66300ac97\n\t0x7ff662faac29\n\t0x7ff662faba93\n\t0x7ff6634a0640\n\t0x7ff66349af80\n\t0x7ff6634b96e6\n\t0x7ff6631a5de4\n\t0x7ff6631aed8c\n\t0x7ff663192004\n\t0x7ff6631921b5\n\t0x7ff663177ee2\n\t0x7ff9e23be8d7\n\t0x7ff9e372c53c","children":[{"name":"test_28_open_slave_manager","uid":"24fc65e56b0df8a9","parentUid":"e833a33a7cc0b36fb74883bd4e47e011","status":"broken","time":{"start":1766556087702,"stop":1766556094337,"duration":6635},"flaky":false,"newFailed":false,"newPassed":false,"newBroken":false,"retriesCount":0,"retriesStatusChange":false,"parameters":[],"tags":[]}],"uid":"e833a33a7cc0b36fb74883bd4e47e011"},{"name":"selenium.common.exceptions.TimeoutException: Message: \nStacktrace:\nSymbols not available. Dumping unresolved backtrace:\n\t0x7ff6631888e5\n\t0x7ff663188940\n\t0x7ff662f6165d\n\t0x7ff662fb9a33\n\t0x7ff662fb9d3c\n\t0x7ff66300df67\n\t0x7ff66300ac97\n\t0x7ff662faac29\n\t0x7ff662faba93\n\t0x7ff6634a0640\n\t0x7ff66349af80\n\t0x7ff6634b96e6\n\t0x7ff6631a5de4\n\t0x7ff6631aed8c\n\t0x7ff663192004\n\t0x7ff6631921b5\n\t0x7ff663177ee2\n\t0x7ff9e23be8d7\n\t0x7ff9e372c53c","children":[{"name":"test_36_bulk_device_upload","uid":"31a9ea139a33e7dc","parentUid":"606238c6a75ff36d5b2811ac06bf3e91","status":"broken","time":{"start":1766556169280,"stop":1766556185951,"duration":16671},"flaky":false,"newFailed":false,"newPassed":false,"newBroken":false,"retriesCount":0,"retriesStatusChange":false,"parameters":[],"tags":[]}],"uid":"606238c6a75ff36d5b2811ac06bf3e91"}],"uid":"bdbf199525818fae7a8651db9eafe741"}]}